<?xml version="1.0" encoding="UTF-8"?>
<testng-results ignored="0" total="1" passed="1" failed="0" skipped="0">
  <reporter-output>
  </reporter-output>
  <suite started-at="2024-04-14T10:45:53 IST" name="Suite" finished-at="2024-04-14T10:45:58 IST" duration-ms="4933">
    <groups>
    </groups>
    <test started-at="2024-04-14T10:45:53 IST" name="Test" finished-at="2024-04-14T10:45:58 IST" duration-ms="4933">
      <class name="com.mvngitjenkins.SampleTestCase">
        <test-method is-config="true" signature="setup()[pri:0, instance:com.mvngitjenkins.SampleTestCase@7a419da4]" started-at="2024-04-14T10:45:53 IST" name="setup" finished-at="2024-04-14T10:45:56 IST" duration-ms="2151" status="PASS">
          <reporter-output>
          </reporter-output>
        </test-method> <!-- setup -->
        <test-method signature="veriyPageTitle_01()[pri:0, instance:com.mvngitjenkins.SampleTestCase@7a419da4]" started-at="2024-04-14T10:45:56 IST" name="veriyPageTitle_01" finished-at="2024-04-14T10:45:58 IST" duration-ms="2607" status="PASS">
          <reporter-output>
          </reporter-output>
        </test-method> <!-- veriyPageTitle_01 -->
        <test-method is-config="true" signature="tearDown()[pri:0, instance:com.mvngitjenkins.SampleTestCase@7a419da4]" started-at="2024-04-14T10:45:58 IST" name="tearDown" finished-at="2024-04-14T10:45:58 IST" duration-ms="146" status="PASS">
          <reporter-output>
          </reporter-output>
        </test-method> <!-- tearDown -->
      </class> <!-- com.mvngitjenkins.SampleTestCase -->
    </test> <!-- Test -->
  </suite> <!-- Suite -->
</testng-results>
